E, [2019-10-09T15:44:56.979897 #35237] ERROR -- Kitchen: ------Exception-------
E, [2019-10-09T15:44:56.980016 #35237] ERROR -- Kitchen: Class: Kitchen::UserError
E, [2019-10-09T15:44:56.980042 #35237] ERROR -- Kitchen: Message: Kitchen YAML file /Users/vladyslavtr/work/temp/vagrant/homework/ansible/roles/install_terraform/kitchen.yml does not exist.
E, [2019-10-09T15:44:56.980060 #35237] ERROR -- Kitchen: ----------------------
E, [2019-10-09T15:44:56.980075 #35237] ERROR -- Kitchen: ------Backtrace-------
E, [2019-10-09T15:44:56.980090 #35237] ERROR -- Kitchen: /opt/chefdk/embedded/lib/ruby/gems/2.6.0/gems/test-kitchen-2.2.5/lib/kitchen/loader/yaml.rb:65:in `read'
E, [2019-10-09T15:44:56.980105 #35237] ERROR -- Kitchen: /opt/chefdk/embedded/lib/ruby/gems/2.6.0/gems/test-kitchen-2.2.5/lib/kitchen/config.rb:152:in `data'
E, [2019-10-09T15:44:56.980119 #35237] ERROR -- Kitchen: /opt/chefdk/embedded/lib/ruby/gems/2.6.0/gems/test-kitchen-2.2.5/lib/kitchen/config.rb:131:in `suites'
E, [2019-10-09T15:44:56.980133 #35237] ERROR -- Kitchen: /opt/chefdk/embedded/lib/ruby/gems/2.6.0/gems/test-kitchen-2.2.5/lib/kitchen/config.rb:182:in `filter_instances'
E, [2019-10-09T15:44:56.980150 #35237] ERROR -- Kitchen: /opt/chefdk/embedded/lib/ruby/gems/2.6.0/gems/test-kitchen-2.2.5/lib/kitchen/config.rb:141:in `build_instances'
E, [2019-10-09T15:44:56.980164 #35237] ERROR -- Kitchen: /opt/chefdk/embedded/lib/ruby/gems/2.6.0/gems/test-kitchen-2.2.5/lib/kitchen/config.rb:117:in `instances'
E, [2019-10-09T15:44:56.980178 #35237] ERROR -- Kitchen: /opt/chefdk/embedded/lib/ruby/gems/2.6.0/gems/test-kitchen-2.2.5/lib/kitchen/command.rb:112:in `filtered_instances'
E, [2019-10-09T15:44:56.980192 #35237] ERROR -- Kitchen: /opt/chefdk/embedded/lib/ruby/gems/2.6.0/gems/test-kitchen-2.2.5/lib/kitchen/command.rb:142:in `parse_subcommand'
E, [2019-10-09T15:44:56.980206 #35237] ERROR -- Kitchen: /opt/chefdk/embedded/lib/ruby/gems/2.6.0/gems/test-kitchen-2.2.5/lib/kitchen/command/list.rb:30:in `call'
E, [2019-10-09T15:44:56.980220 #35237] ERROR -- Kitchen: /opt/chefdk/embedded/lib/ruby/gems/2.6.0/gems/test-kitchen-2.2.5/lib/kitchen/cli.rb:52:in `perform'
E, [2019-10-09T15:44:56.980234 #35237] ERROR -- Kitchen: /opt/chefdk/embedded/lib/ruby/gems/2.6.0/gems/test-kitchen-2.2.5/lib/kitchen/cli.rb:120:in `list'
E, [2019-10-09T15:44:56.980247 #35237] ERROR -- Kitchen: /opt/chefdk/embedded/lib/ruby/gems/2.6.0/gems/thor-0.20.3/lib/thor/command.rb:27:in `run'
E, [2019-10-09T15:44:56.980261 #35237] ERROR -- Kitchen: /opt/chefdk/embedded/lib/ruby/gems/2.6.0/gems/thor-0.20.3/lib/thor/invocation.rb:126:in `invoke_command'
E, [2019-10-09T15:44:56.980275 #35237] ERROR -- Kitchen: /opt/chefdk/embedded/lib/ruby/gems/2.6.0/gems/thor-0.20.3/lib/thor.rb:387:in `dispatch'
E, [2019-10-09T15:44:56.980291 #35237] ERROR -- Kitchen: /opt/chefdk/embedded/lib/ruby/gems/2.6.0/gems/thor-0.20.3/lib/thor/base.rb:466:in `start'
E, [2019-10-09T15:44:56.980306 #35237] ERROR -- Kitchen: /opt/chefdk/embedded/lib/ruby/gems/2.6.0/gems/test-kitchen-2.2.5/bin/kitchen:13:in `block in <top (required)>'
E, [2019-10-09T15:44:56.980319 #35237] ERROR -- Kitchen: /opt/chefdk/embedded/lib/ruby/gems/2.6.0/gems/test-kitchen-2.2.5/lib/kitchen/errors.rb:171:in `with_friendly_errors'
E, [2019-10-09T15:44:56.980333 #35237] ERROR -- Kitchen: /opt/chefdk/embedded/lib/ruby/gems/2.6.0/gems/test-kitchen-2.2.5/bin/kitchen:13:in `<top (required)>'
E, [2019-10-09T15:44:56.980347 #35237] ERROR -- Kitchen: /opt/chefdk/bin/kitchen:347:in `load'
E, [2019-10-09T15:44:56.980361 #35237] ERROR -- Kitchen: /opt/chefdk/bin/kitchen:347:in `<main>'
E, [2019-10-09T15:44:56.980374 #35237] ERROR -- Kitchen: ----End Backtrace-----
